<?xml version="1.0" encoding="UTF-8"?>
<!-- Generated by org.testng.reporters.JUnitXMLReporter -->
<testsuite hostname="asda0019" ignored="0" name="Surefire test" tests="3" failures="1" timestamp="03 Jul 2018 08:08:03 GMT" time="2.774" errors="0">
  <testcase name="testHomePageAppears" time="1.424" classname="com.qait.automation.TestAdvanceTATOC.AdvanceTatocTest"/>
  <testcase name="verifyAdvanceCourseOpens" time="0.135" classname="com.qait.automation.TestAdvanceTATOC.AdvanceTatocTest"/>
  <testcase name="checkHoverActionPerforms" time="0.323" classname="com.qait.automation.TestAdvanceTATOC.AdvanceTatocTest">
    <failure type="org.openqa.selenium.WebDriverException" message="java.io.IOException: unexpected end of stream on Connection{localhost:29337, proxy=DIRECT hostAddress=localhost/127.0.0.1:29337 cipherSuite=none protocol=http/1.1}
Build info: version: &amp;apos;3.12.0&amp;apos;, revision: &amp;apos;7c6e0b3&amp;apos;, time: &amp;apos;2018-05-08T14:04:26.12Z&amp;apos;
System info: host: &amp;apos;asda0019&amp;apos;, ip: &amp;apos;127.0.1.1&amp;apos;, os.name: &amp;apos;Linux&amp;apos;, os.arch: &amp;apos;amd64&amp;apos;, os.version: &amp;apos;4.4.0-128-generic&amp;apos;, java.version: &amp;apos;1.8.0_171&amp;apos;
Driver info: driver.version: RemoteWebDriver">
      <![CDATA[org.openqa.selenium.WebDriverException: java.io.IOException: unexpected end of stream on Connection{localhost:29337, proxy=DIRECT hostAddress=localhost/127.0.0.1:29337 cipherSuite=none protocol=http/1.1}
Build info: version: '3.12.0', revision: '7c6e0b3', time: '2018-05-08T14:04:26.12Z'
System info: host: 'asda0019', ip: '127.0.1.1', os.name: 'Linux', os.arch: 'amd64', os.version: '4.4.0-128-generic', java.version: '1.8.0_171'
Driver info: driver.version: RemoteWebDriver
	at org.openqa.selenium.remote.service.DriverCommandExecutor.execute(DriverCommandExecutor.java:92)
	at org.openqa.selenium.remote.RemoteWebDriver.execute(RemoteWebDriver.java:543)
	at org.openqa.selenium.remote.RemoteWebElement.execute(RemoteWebElement.java:276)
	at org.openqa.selenium.remote.RemoteWebElement.click(RemoteWebElement.java:83)
	at com.qait.automation.TestAdvanceTATOC.HoverMenuAction.testHoverActionPerforms(HoverMenuAction.java:45)
	at com.qait.automation.TestAdvanceTATOC.AdvanceTatocTest.checkHoverActionPerforms(AdvanceTatocTest.java:33)
Caused by: java.io.IOException: unexpected end of stream on Connection{localhost:29337, proxy=DIRECT hostAddress=localhost/127.0.0.1:29337 cipherSuite=none protocol=http/1.1}
	at okhttp3.internal.http1.Http1Codec.readResponseHeaders(Http1Codec.java:205)
	at okhttp3.internal.http.CallServerInterceptor.intercept(CallServerInterceptor.java:88)
	at okhttp3.internal.http.RealInterceptorChain.proceed(RealInterceptorChain.java:147)
	at okhttp3.internal.connection.ConnectInterceptor.intercept(ConnectInterceptor.java:45)
	at okhttp3.internal.http.RealInterceptorChain.proceed(RealInterceptorChain.java:147)
	at okhttp3.internal.http.RealInterceptorChain.proceed(RealInterceptorChain.java:121)
	at okhttp3.internal.cache.CacheInterceptor.intercept(CacheInterceptor.java:93)
	at okhttp3.internal.http.RealInterceptorChain.proceed(RealInterceptorChain.java:147)
	at okhttp3.internal.http.RealInterceptorChain.proceed(RealInterceptorChain.java:121)
	at okhttp3.internal.http.BridgeInterceptor.intercept(BridgeInterceptor.java:93)
	at okhttp3.internal.http.RealInterceptorChain.proceed(RealInterceptorChain.java:147)
	at okhttp3.internal.http.RetryAndFollowUpInterceptor.intercept(RetryAndFollowUpInterceptor.java:125)
	at okhttp3.internal.http.RealInterceptorChain.proceed(RealInterceptorChain.java:147)
	at okhttp3.internal.http.RealInterceptorChain.proceed(RealInterceptorChain.java:121)
	at okhttp3.RealCall.getResponseWithInterceptorChain(RealCall.java:200)
	at okhttp3.RealCall.execute(RealCall.java:77)
	at org.openqa.selenium.remote.internal.OkHttpClient.execute(OkHttpClient.java:105)
	at org.openqa.selenium.remote.HttpCommandExecutor.execute(HttpCommandExecutor.java:155)
	at org.openqa.selenium.remote.service.DriverCommandExecutor.execute(DriverCommandExecutor.java:83)
	... 34 more
Caused by: java.io.EOFException: \n not found: limit=0 content=…
	at okio.RealBufferedSource.readUtf8LineStrict(RealBufferedSource.java:227)
	at okhttp3.internal.http1.Http1Codec.readHeaderLine(Http1Codec.java:212)
	at okhttp3.internal.http1.Http1Codec.readResponseHeaders(Http1Codec.java:189)
	... 52 more
... Removed 29 stack frames]]>
    </failure>
  </testcase> <!-- checkHoverActionPerforms -->
</testsuite> <!-- Surefire test -->
