<?xml version="1.0" encoding="UTF-8" ?>
<testsuite tests="3" failures="1" name="com.qait.automation.TestAdvanceTATOC.AdvanceTatocTest" time="1.867" errors="0" skipped="0">
  <properties>
[...]
</properties>
  <testcase classname="com.qait.automation.TestAdvanceTATOC.AdvanceTatocTest" name="testHomePageAppears" time="1.385"/>
  <testcase classname="com.qait.automation.TestAdvanceTATOC.AdvanceTatocTest" name="verifyAdvanceCourseOpens" time="0.137"/>
  <testcase classname="com.qait.automation.TestAdvanceTATOC.AdvanceTatocTest" name="checkHoverActionPerforms" time="0.345">
    <failure message="java.io.IOException: unexpected end of stream on Connection{localhost:14690, proxy=DIRECT hostAddress=localhost/127.0.0.1:14690 cipherSuite=none protocol=http/1.1}
Build info: version: &apos;3.12.0&apos;, revision: &apos;7c6e0b3&apos;, time: &apos;2018-05-08T14:04:26.12Z&apos;
System info: host: &apos;asda0019&apos;, ip: &apos;127.0.1.1&apos;, os.name: &apos;Linux&apos;, os.arch: &apos;amd64&apos;, os.version: &apos;4.4.0-128-generic&apos;, java.version: &apos;1.8.0_171&apos;
Driver info: driver.version: RemoteWebDriver" type="org.openqa.selenium.WebDriverException">org.openqa.selenium.WebDriverException: java.io.IOException: unexpected end of stream on Connection{localhost:14690, proxy=DIRECT hostAddress=localhost/127.0.0.1:14690 cipherSuite=none protocol=http/1.1}
Build info: version: &apos;3.12.0&apos;, revision: &apos;7c6e0b3&apos;, time: &apos;2018-05-08T14:04:26.12Z&apos;
System info: host: &apos;asda0019&apos;, ip: &apos;127.0.1.1&apos;, os.name: &apos;Linux&apos;, os.arch: &apos;amd64&apos;, os.version: &apos;4.4.0-128-generic&apos;, java.version: &apos;1.8.0_171&apos;
Driver info: driver.version: RemoteWebDriver
	at org.openqa.selenium.remote.service.DriverCommandExecutor.execute(DriverCommandExecutor.java:92)
	at org.openqa.selenium.remote.RemoteWebDriver.execute(RemoteWebDriver.java:543)
	at org.openqa.selenium.remote.RemoteWebElement.execute(RemoteWebElement.java:276)
	at org.openqa.selenium.remote.RemoteWebElement.click(RemoteWebElement.java:83)
	at com.qait.automation.TestAdvanceTATOC.HoverMenuAction.testHoverActionPerforms(HoverMenuAction.java:45)
	at com.qait.automation.TestAdvanceTATOC.AdvanceTatocTest.checkHoverActionPerforms(AdvanceTatocTest.java:33)
Caused by: java.io.IOException: unexpected end of stream on Connection{localhost:14690, proxy=DIRECT hostAddress=localhost/127.0.0.1:14690 cipherSuite=none protocol=http/1.1}
	at okhttp3.internal.http1.Http1Codec.readResponseHeaders(Http1Codec.java:205)
	at okhttp3.internal.http.CallServerInterceptor.intercept(CallServerInterceptor.java:88)
	at okhttp3.internal.http.RealInterceptorChain.proceed(RealInterceptorChain.java:147)
	at okhttp3.internal.connection.ConnectInterceptor.intercept(ConnectInterceptor.java:45)
	at okhttp3.internal.http.RealInterceptorChain.proceed(RealInterceptorChain.java:147)
	at okhttp3.internal.http.RealInterceptorChain.proceed(RealInterceptorChain.java:121)
	at okhttp3.internal.cache.CacheInterceptor.intercept(CacheInterceptor.java:93)
	at okhttp3.internal.http.RealInterceptorChain.proceed(RealInterceptorChain.java:147)
	at okhttp3.internal.http.RealInterceptorChain.proceed(RealInterceptorChain.java:121)
	at okhttp3.internal.http.BridgeInterceptor.intercept(BridgeInterceptor.java:93)
	at okhttp3.internal.http.RealInterceptorChain.proceed(RealInterceptorChain.java:147)
	at okhttp3.internal.http.RetryAndFollowUpInterceptor.intercept(RetryAndFollowUpInterceptor.java:125)
	at okhttp3.internal.http.RealInterceptorChain.proceed(RealInterceptorChain.java:147)
	at okhttp3.internal.http.RealInterceptorChain.proceed(RealInterceptorChain.java:121)
	at okhttp3.RealCall.getResponseWithInterceptorChain(RealCall.java:200)
	at okhttp3.RealCall.execute(RealCall.java:77)
	at org.openqa.selenium.remote.internal.OkHttpClient.execute(OkHttpClient.java:105)
	at org.openqa.selenium.remote.HttpCommandExecutor.execute(HttpCommandExecutor.java:155)
	at org.openqa.selenium.remote.service.DriverCommandExecutor.execute(DriverCommandExecutor.java:83)
	... 38 more
Caused by: java.io.EOFException: \n not found: limit=0 content=…
	at okio.RealBufferedSource.readUtf8LineStrict(RealBufferedSource.java:227)
	at okhttp3.internal.http1.Http1Codec.readHeaderLine(Http1Codec.java:212)
	at okhttp3.internal.http1.Http1Codec.readResponseHeaders(Http1Codec.java:189)
	... 56 more
</failure>
  </testcase>
</testsuite>